<?xml version="1.0" encoding="UTF-8"?>
<!-- Generated by org.testng.reporters.JUnitReportReporter -->
<testsuite hostname="Reka" failures="0" tests="1" name="tests.AuthTest" time="1.947" errors="0" timestamp="2025-01-24T13:42:04 CST" skipped="0">
  <testcase classname="tests.AuthTest" name="testSuccessfulLogin" time="1.947"/>
</testsuite> <!-- tests.AuthTest -->
